<?xml version="1.0" encoding="UTF-8"?>
<!-- Generated by org.testng.reporters.JUnitReportReporter -->
<testsuite hostname="kler" failures="0" tests="3" name="com.example.api.ApiTest" time="2.495" errors="0" timestamp="2024-12-03T00:16:33 EST" skipped="0">
  <testcase classname="com.example.api.ApiTest" name="testAllPosts" time="1.998"/>
  <system-out/>
  <testcase classname="com.example.api.ApiTest" name="testGetRequest" time="0.224"/>
  <system-out/>
  <testcase classname="com.example.api.ApiTest" name="testPostRequest" time="0.273"/>
  <system-out/>
</testsuite> <!-- com.example.api.ApiTest -->
